<?xml version="1.0" encoding="UTF-8" standalone="yes"?>
<ns2:test-suite start="1628954198200" stop="1628954276963" version="1.5.2" xmlns:ns2="urn:model.allure.qatools.yandex.ru">
    <name>As a Amazon user I should be able to login and logout with valid credentials</name>
    <description type="text"></description>
    <test-cases>
        <test-case start="1628954198292" stop="1628954221873" status="broken">
            <name>Login into the application with valid credentials</name>
            <title>Login into the application with valid credentials</title>
            <description type="text"></description>
            <failure>
                <message>WebDriverException: Unable to convert: {actions=[org.openqa.selenium.interactions.Sequence@49a6b730]}</message>
                <stack-trace>org.openqa.selenium.WebDriverException: Unable to convert: {actions=[org.openqa.selenium.interactions.Sequence@49a6b730]}&#13;
	at org.openqa.selenium.json.BeanToJsonConverter.convert(BeanToJsonConverter.java:77)&#13;
	at org.openqa.selenium.json.Json.toJson(Json.java:60)&#13;
	at org.openqa.selenium.remote.http.AbstractHttpCommandCodec.encode(AbstractHttpCommandCodec.java:227)&#13;
	at org.openqa.selenium.remote.http.AbstractHttpCommandCodec.encode(AbstractHttpCommandCodec.java:117)&#13;
	at org.openqa.selenium.remote.HttpCommandExecutor.execute(HttpCommandExecutor.java:152)&#13;
	at org.openqa.selenium.remote.service.DriverCommandExecutor.execute(DriverCommandExecutor.java:83)&#13;
	at org.openqa.selenium.remote.RemoteWebDriver.execute(RemoteWebDriver.java:545)&#13;
	at org.openqa.selenium.remote.RemoteWebDriver.perform(RemoteWebDriver.java:611)&#13;
	at org.openqa.selenium.interactions.Actions$BuiltAction.perform(Actions.java:638)&#13;
	at com.cucumberFramework.pageObjects.LoginLogoutPage.clickHeadphonesLnk(LoginLogoutPage.java:143)&#13;
	at com.cucumberFramework.stepdefinitions.loginLogoutPageStepDefinitions.i_choose_Electronincs_Headphones_and_headphones_list_out(loginLogoutPageStepDefinitions.java:76)&#13;
	at ✽.Then I choose Electronincs&gt;Headphones and headphones list out(src/test/resources/features/login/login_logout.feature:13)&#13;
Caused by: org.openqa.selenium.WebDriverException: Unable to convert: {actions=[org.openqa.selenium.interactions.Sequence@49a6b730]}&#13;
	at org.openqa.selenium.json.BeanToJsonConverter.convertObject(BeanToJsonConverter.java:96)&#13;
	at org.openqa.selenium.json.BeanToJsonConverter.convert(BeanToJsonConverter.java:74)&#13;
	at org.openqa.selenium.json.Json.toJson(Json.java:60)&#13;
	at org.openqa.selenium.remote.http.AbstractHttpCommandCodec.encode(AbstractHttpCommandCodec.java:227)&#13;
	at org.openqa.selenium.remote.http.AbstractHttpCommandCodec.encode(AbstractHttpCommandCodec.java:117)&#13;
	at org.openqa.selenium.remote.HttpCommandExecutor.execute(HttpCommandExecutor.java:152)&#13;
	at org.openqa.selenium.remote.service.DriverCommandExecutor.execute(DriverCommandExecutor.java:83)&#13;
	at org.openqa.selenium.remote.RemoteWebDriver.execute(RemoteWebDriver.java:545)&#13;
	at org.openqa.selenium.remote.RemoteWebDriver.perform(RemoteWebDriver.java:611)&#13;
	at org.openqa.selenium.interactions.Actions$BuiltAction.perform(Actions.java:638)&#13;
	at com.cucumberFramework.pageObjects.LoginLogoutPage.clickHeadphonesLnk(LoginLogoutPage.java:143)&#13;
	at com.cucumberFramework.stepdefinitions.loginLogoutPageStepDefinitions.i_choose_Electronincs_Headphones_and_headphones_list_out(loginLogoutPageStepDefinitions.java:76)&#13;
	at java.base/jdk.internal.reflect.NativeMethodAccessorImpl.invoke0(Native Method)&#13;
	at java.base/jdk.internal.reflect.NativeMethodAccessorImpl.invoke(NativeMethodAccessorImpl.java:62)&#13;
	at java.base/jdk.internal.reflect.DelegatingMethodAccessorImpl.invoke(DelegatingMethodAccessorImpl.java:43)&#13;
	at java.base/java.lang.reflect.Method.invoke(Method.java:564)&#13;
	at cucumber.runtime.Utils$1.call(Utils.java:40)&#13;
	at cucumber.runtime.Timeout.timeout(Timeout.java:16)&#13;
	at cucumber.runtime.Utils.invoke(Utils.java:34)&#13;
	at cucumber.runtime.java.JavaStepDefinition.execute(JavaStepDefinition.java:38)&#13;
	at cucumber.runtime.StepDefinitionMatch.runStep(StepDefinitionMatch.java:37)&#13;
	at cucumber.runtime.Runtime.runStep(Runtime.java:300)&#13;
	at cucumber.runtime.model.StepContainer.runStep(StepContainer.java:44)&#13;
	at cucumber.runtime.model.StepContainer.runSteps(StepContainer.java:39)&#13;
	at cucumber.runtime.model.CucumberScenario.run(CucumberScenario.java:44)&#13;
	at cucumber.runtime.model.CucumberFeature.run(CucumberFeature.java:165)&#13;
	at cucumber.api.testng.TestNGCucumberRunner.runCucumber(TestNGCucumberRunner.java:63)&#13;
	at com.cucumberFramework.testRunner.TestRunner.feature(TestRunner.java:32)&#13;
	at java.base/jdk.internal.reflect.NativeMethodAccessorImpl.invoke0(Native Method)&#13;
	at java.base/jdk.internal.reflect.NativeMethodAccessorImpl.invoke(NativeMethodAccessorImpl.java:62)&#13;
	at java.base/jdk.internal.reflect.DelegatingMethodAccessorImpl.invoke(DelegatingMethodAccessorImpl.java:43)&#13;
	at java.base/java.lang.reflect.Method.invoke(Method.java:564)&#13;
	at org.testng.internal.MethodInvocationHelper.invokeMethod(MethodInvocationHelper.java:86)&#13;
	at org.testng.internal.Invoker.invokeMethod(Invoker.java:643)&#13;
	at org.testng.internal.Invoker.invokeTestMethod(Invoker.java:820)&#13;
	at org.testng.internal.Invoker.invokeTestMethods(Invoker.java:1128)&#13;
	at org.testng.internal.TestMethodWorker.invokeTestMethods(TestMethodWorker.java:129)&#13;
	at org.testng.internal.TestMethodWorker.run(TestMethodWorker.java:112)&#13;
	at org.testng.TestRunner.privateRun(TestRunner.java:782)&#13;
	at org.testng.TestRunner.run(TestRunner.java:632)&#13;
	at org.testng.SuiteRunner.runTest(SuiteRunner.java:366)&#13;
	at org.testng.SuiteRunner.runSequentially(SuiteRunner.java:361)&#13;
	at org.testng.SuiteRunner.privateRun(SuiteRunner.java:319)&#13;
	at org.testng.SuiteRunner.run(SuiteRunner.java:268)&#13;
	at org.testng.SuiteRunnerWorker.runSuite(SuiteRunnerWorker.java:52)&#13;
	at org.testng.SuiteRunnerWorker.run(SuiteRunnerWorker.java:86)&#13;
	at org.testng.TestNG.runSuitesSequentially(TestNG.java:1244)&#13;
	at org.testng.TestNG.runSuitesLocally(TestNG.java:1169)&#13;
	at org.testng.TestNG.run(TestNG.java:1064)&#13;
	at org.apache.maven.surefire.testng.TestNGExecutor.run(TestNGExecutor.java:281)&#13;
	at org.apache.maven.surefire.testng.TestNGXmlTestSuite.execute(TestNGXmlTestSuite.java:75)&#13;
	at org.apache.maven.surefire.testng.TestNGProvider.invoke(TestNGProvider.java:121)&#13;
	at org.apache.maven.surefire.booter.ForkedBooter.invokeProviderInSameClassLoader(ForkedBooter.java:290)&#13;
	at org.apache.maven.surefire.booter.ForkedBooter.runSuitesInProcess(ForkedBooter.java:242)&#13;
	at org.apache.maven.surefire.booter.ForkedBooter.main(ForkedBooter.java:121)&#13;
Caused by: org.openqa.selenium.WebDriverException: java.lang.reflect.InvocationTargetException
Build info: version: '3.11.0', revision: 'e59cfb3', time: '2018-03-11T20:26:55.152Z'
System info: host: 'ANIKET-ROCKMANI', ip: '192.168.0.104', os.name: 'Windows 10', os.arch: 'amd64', os.version: '10.0', java.version: '14.0.2'
Driver info: driver.version: RemoteWebDriver&#13;
	at org.openqa.selenium.json.BeanToJsonConverter.convertObject(BeanToJsonConverter.java:198)&#13;
	at org.openqa.selenium.json.BeanToJsonConverter.convertObject(BeanToJsonConverter.java:146)&#13;
	at org.openqa.selenium.json.BeanToJsonConverter.convertObject(BeanToJsonConverter.java:134)&#13;
	at org.openqa.selenium.json.BeanToJsonConverter.convertObject(BeanToJsonConverter.java:94)&#13;
	... 54 more&#13;
Caused by: java.lang.reflect.InvocationTargetException&#13;
	at java.base/jdk.internal.reflect.NativeMethodAccessorImpl.invoke0(Native Method)&#13;
	at java.base/jdk.internal.reflect.NativeMethodAccessorImpl.invoke(NativeMethodAccessorImpl.java:62)&#13;
	at java.base/jdk.internal.reflect.DelegatingMethodAccessorImpl.invoke(DelegatingMethodAccessorImpl.java:43)&#13;
	at java.base/java.lang.reflect.Method.invoke(Method.java:564)&#13;
	at org.openqa.selenium.json.BeanToJsonConverter.convertObject(BeanToJsonConverter.java:181)&#13;
	... 57 more&#13;
Caused by: org.openqa.selenium.NoSuchElementException: no such element: Unable to locate element: {"method":"xpath","selector":"//div[@id='nav-shop']/a"}
  (Session info: chrome=92.0.4515.131)
For documentation on this error, please visit: http://seleniumhq.org/exceptions/no_such_element.html
Build info: version: '3.11.0', revision: 'e59cfb3', time: '2018-03-11T20:26:55.152Z'
System info: host: 'ANIKET-ROCKMANI', ip: '192.168.0.104', os.name: 'Windows 10', os.arch: 'amd64', os.version: '10.0', java.version: '14.0.2'
Driver info: org.openqa.selenium.chrome.ChromeDriver
Capabilities {acceptInsecureCerts: false, browserName: chrome, browserVersion: 92.0.4515.131, chrome: {chromedriverVersion: 92.0.4515.107 (87a818b10553..., userDataDir: C:\Users\Aniket\AppData\Loc...}, goog:chromeOptions: {debuggerAddress: localhost:56375}, javascriptEnabled: true, networkConnectionEnabled: false, pageLoadStrategy: normal, platform: WINDOWS, platformName: WINDOWS, proxy: Proxy(), setWindowRect: true, strictFileInteractability: false, timeouts: {implicit: 0, pageLoad: 300000, script: 30000}, unhandledPromptBehavior: dismiss and notify, webauthn:extension:credBlob: true, webauthn:extension:largeBlob: true, webauthn:virtualAuthenticators: true}
Session ID: 2f0f1a913b5353d81b9cdf7a45d0b2b2
*** Element info: {Using=xpath, value=//div[@id='nav-shop']/a}&#13;
	at java.base/jdk.internal.reflect.NativeConstructorAccessorImpl.newInstance0(Native Method)&#13;
	at java.base/jdk.internal.reflect.NativeConstructorAccessorImpl.newInstance(NativeConstructorAccessorImpl.java:62)&#13;
	at java.base/jdk.internal.reflect.DelegatingConstructorAccessorImpl.newInstance(DelegatingConstructorAccessorImpl.java:45)&#13;
	at java.base/java.lang.reflect.Constructor.newInstanceWithCaller(Constructor.java:500)&#13;
	at java.base/java.lang.reflect.Constructor.newInstance(Constructor.java:481)&#13;
	at org.openqa.selenium.remote.http.W3CHttpResponseCodec.createException(W3CHttpResponseCodec.java:187)&#13;
	at org.openqa.selenium.remote.http.W3CHttpResponseCodec.decode(W3CHttpResponseCodec.java:122)&#13;
	at org.openqa.selenium.remote.http.W3CHttpResponseCodec.decode(W3CHttpResponseCodec.java:49)&#13;
	at org.openqa.selenium.remote.HttpCommandExecutor.execute(HttpCommandExecutor.java:158)&#13;
	at org.openqa.selenium.remote.service.DriverCommandExecutor.execute(DriverCommandExecutor.java:83)&#13;
	at org.openqa.selenium.remote.RemoteWebDriver.execute(RemoteWebDriver.java:545)&#13;
	at org.openqa.selenium.remote.RemoteWebDriver.findElement(RemoteWebDriver.java:319)&#13;
	at org.openqa.selenium.remote.RemoteWebDriver.findElementByXPath(RemoteWebDriver.java:421)&#13;
	at org.openqa.selenium.By$ByXPath.findElement(By.java:361)&#13;
	at org.openqa.selenium.remote.RemoteWebDriver.findElement(RemoteWebDriver.java:311)&#13;
	at org.openqa.selenium.support.pagefactory.DefaultElementLocator.findElement(DefaultElementLocator.java:69)&#13;
	at org.openqa.selenium.support.pagefactory.internal.LocatingElementHandler.invoke(LocatingElementHandler.java:38)&#13;
	at com.sun.proxy.$Proxy22.getWrappedElement(Unknown Source)&#13;
	at org.openqa.selenium.interactions.PointerInput$Origin.asArg(PointerInput.java:203)&#13;
	at org.openqa.selenium.interactions.PointerInput$Move.encode(PointerInput.java:154)&#13;
	at org.openqa.selenium.interactions.Sequence.encode(Sequence.java:75)&#13;
	at org.openqa.selenium.interactions.Sequence.toJson(Sequence.java:84)&#13;
	... 62 more&#13;
</stack-trace>
            </failure>
            <steps>
                <step start="1628954205084" stop="1628954209360" status="passed">
                    <name>Given I am on the Login page URL "https://www.amazon.in/"</name>
                    <title>Given I am on the Login page URL "https://www.amazon.in/"</title>
                </step>
                <step start="1628954209361" stop="1628954211415" status="passed">
                    <name>Then I click on sign in button and wait for sign in page</name>
                    <title>Then I click on sign in button and wait for sign in page</title>
                </step>
                <step start="1628954211416" stop="1628954211522" status="passed">
                    <name>Then I should see Sign In Page</name>
                    <title>Then I should see Sign In Page</title>
                </step>
                <step start="1628954211523" stop="1628954211723" status="passed">
                    <name>When I enter username as "aniketfarkase51@gmail.com"</name>
                    <title>When I enter username as "aniketfarkase51@gmail.com"</title>
                </step>
                <step start="1628954211723" stop="1628954213086" status="passed">
                    <name>And I Click on Continue button</name>
                    <title>And I Click on Continue button</title>
                </step>
                <step start="1628954213087" stop="1628954213207" status="passed">
                    <name>And I enter password as "@nIket51!!"</name>
                    <title>And I enter password as "@nIket51!!"</title>
                </step>
                <step start="1628954213207" stop="1628954213323" status="passed">
                    <name>And click on login button</name>
                    <title>And click on login button</title>
                </step>
                <step start="1628954213323" stop="1628954216949" status="passed">
                    <name>Then I am logged in</name>
                    <title>Then I am logged in</title>
                </step>
                <step start="1628954216950" stop="1628954220005" status="passed">
                    <name>And I clear cart items if any</name>
                    <title>And I clear cart items if any</title>
                </step>
                <step start="1628954220005" stop="1628954220102" status="broken">
                    <name>Then I choose Electronincs&gt;Headphones and headphones list out</name>
                    <title>Then I choose Electronincs&gt;Headphones and headphones list out</title>
                </step>
                <step start="1628954220103" stop="1628954220107" status="canceled">
                    <name>Then I add first availabe headphone to cart</name>
                    <title>Then I add first availabe headphone to cart</title>
                </step>
                <step start="1628954220107" stop="1628954220107" status="canceled">
                    <name>Then I search "Macbook pro" and add second available item to cart</name>
                    <title>Then I search "Macbook pro" and add second available item to cart</title>
                </step>
                <step start="1628954220107" stop="1628954220108" status="canceled">
                    <name>Then I Select cart from home and remove the earlier added headphones</name>
                    <title>Then I Select cart from home and remove the earlier added headphones</title>
                </step>
                <step start="1628954220108" stop="1628954220108" status="canceled">
                    <name>Then I Reduce the Quantity of the macbook pro product to one and proceed to checkout</name>
                    <title>Then I Reduce the Quantity of the macbook pro product to one and proceed to checkout</title>
                </step>
                <step start="1628954220108" stop="1628954220108" status="canceled">
                    <name>And I Click on Sign out</name>
                    <title>And I Click on Sign out</title>
                </step>
                <step start="1628954220122" stop="1628954220132" status="canceled">
                    <name>Then I got log out from the application and land on sign in page</name>
                    <title>Then I got log out from the application and land on sign in page</title>
                </step>
            </steps>
            <attachments>
                <attachment title="attachment0" source="4f6a8a67-478b-49e3-8dbc-fd0e996cefdd-attachment.png" type="image/png"/>
            </attachments>
            <labels>
                <label name="story" value="Login into the application with valid credentials"/>
                <label name="feature" value="As a Amazon user I should be able to login and logout with valid credentials"/>
                <label name="host" value="Aniket-Rockmaniax"/>
                <label name="thread" value="4384@Aniket-Rockmaniax.main(1)"/>
                <label name="framework" value="CucumberJVM"/>
            </labels>
        </test-case>
        <test-case start="1628954221875" stop="1628954242724" status="passed">
            <name>Searching different products after login</name>
            <title>Searching different products after login</title>
            <description type="text"></description>
            <steps>
                <step start="1628954223440" stop="1628954226680" status="passed">
                    <name>Given I am on the Login page URL "https://www.amazon.in/"</name>
                    <title>Given I am on the Login page URL "https://www.amazon.in/"</title>
                    <attachments/>
                    <steps/>
                </step>
                <step start="1628954226680" stop="1628954228612" status="passed">
                    <name>Then I click on sign in button and wait for sign in page</name>
                    <title>Then I click on sign in button and wait for sign in page</title>
                    <attachments/>
                    <steps/>
                </step>
                <step start="1628954228613" stop="1628954228656" status="passed">
                    <name>Then I should see Sign In Page</name>
                    <title>Then I should see Sign In Page</title>
                    <attachments/>
                    <steps/>
                </step>
                <step start="1628954228656" stop="1628954228826" status="passed">
                    <name>When I enter username as "aniketfarkase51@gmail.com"</name>
                    <title>When I enter username as "aniketfarkase51@gmail.com"</title>
                    <attachments/>
                    <steps/>
                </step>
                <step start="1628954228827" stop="1628954230254" status="passed">
                    <name>And I Click on Continue button</name>
                    <title>And I Click on Continue button</title>
                    <attachments/>
                    <steps/>
                </step>
                <step start="1628954230254" stop="1628954230354" status="passed">
                    <name>And I enter password as "@nIket51!!"</name>
                    <title>And I enter password as "@nIket51!!"</title>
                    <attachments/>
                    <steps/>
                </step>
                <step start="1628954230354" stop="1628954230483" status="passed">
                    <name>And click on login button</name>
                    <title>And click on login button</title>
                    <attachments/>
                    <steps/>
                </step>
                <step start="1628954230483" stop="1628954233806" status="passed">
                    <name>Then I am logged in</name>
                    <title>Then I am logged in</title>
                    <attachments/>
                    <steps/>
                </step>
                <step start="1628954233806" stop="1628954241621" status="passed">
                    <name>And I search different "laptops" from the search bar</name>
                    <title>And I search different "laptops" from the search bar</title>
                    <attachments/>
                    <steps/>
                </step>
            </steps>
            <attachments>
                <attachment title="attachment1" source="9d0c74b3-ec67-4ab6-b8e5-f9a2e246edd8-attachment.png" type="image/png"/>
            </attachments>
            <labels>
                <label name="story" value="Searching different products after login"/>
                <label name="feature" value="As a Amazon user I should be able to login and logout with valid credentials"/>
                <label name="host" value="Aniket-Rockmaniax"/>
                <label name="thread" value="4384@Aniket-Rockmaniax.main(1)"/>
                <label name="framework" value="CucumberJVM"/>
            </labels>
        </test-case>
        <test-case start="1628954242729" stop="1628954256432" status="broken">
            <name>Searching different products after login</name>
            <title>Searching different products after login</title>
            <description type="text"></description>
            <failure>
                <message>NoSuchElementException: no such element: Unable to locate element: {"method":"xpath","selector":"//span[contains(text(),'Sign')]/parent::a"}
  (Session info: chrome=92.0.4515.131)
For documentation on this error, please visit: http://seleniumhq.org/exceptions/no_such_element.html
Build info: version: '3.11.0', revision: 'e59cfb3', time: '2018-03-11T20:26:55.152Z'
System info: host: 'ANIKET-ROCKMANI', ip: '192.168.0.104', os.name: 'Windows 10', os.arch: 'amd64', os.version: '10.0', java.version: '14.0.2'
Driver info: org.openqa.selenium.chrome.ChromeDriver
Capabilities {acceptInsecureCerts: false, browserName: chrome, browserVersion: 92.0.4515.131, chrome: {chromedriverVersion: 92.0.4515.107 (87a818b10553..., userDataDir: C:\Users\Aniket\AppData\Loc...}, goog:chromeOptions: {debuggerAddress: localhost:57545}, javascriptEnabled: true, networkConnectionEnabled: false, pageLoadStrategy: normal, platform: WINDOWS, platformName: WINDOWS, proxy: Proxy(), setWindowRect: true, strictFileInteractability: false, timeouts: {implicit: 0, pageLoad: 300000, script: 30000}, unhandledPromptBehavior: dismiss and notify, webauthn:extension:credBlob: true, webauthn:extension:largeBlob: true, webauthn:virtualAuthenticators: true}
Session ID: 3259c0f9da565e5fbd8f1a240b635167
*** Element info: {Using=xpath, value=//span[contains(text(),'Sign')]/parent::a}</message>
                <stack-trace>org.openqa.selenium.NoSuchElementException: no such element: Unable to locate element: {"method":"xpath","selector":"//span[contains(text(),'Sign')]/parent::a"}
  (Session info: chrome=92.0.4515.131)
For documentation on this error, please visit: http://seleniumhq.org/exceptions/no_such_element.html
Build info: version: '3.11.0', revision: 'e59cfb3', time: '2018-03-11T20:26:55.152Z'
System info: host: 'ANIKET-ROCKMANI', ip: '192.168.0.104', os.name: 'Windows 10', os.arch: 'amd64', os.version: '10.0', java.version: '14.0.2'
Driver info: org.openqa.selenium.chrome.ChromeDriver
Capabilities {acceptInsecureCerts: false, browserName: chrome, browserVersion: 92.0.4515.131, chrome: {chromedriverVersion: 92.0.4515.107 (87a818b10553..., userDataDir: C:\Users\Aniket\AppData\Loc...}, goog:chromeOptions: {debuggerAddress: localhost:57545}, javascriptEnabled: true, networkConnectionEnabled: false, pageLoadStrategy: normal, platform: WINDOWS, platformName: WINDOWS, proxy: Proxy(), setWindowRect: true, strictFileInteractability: false, timeouts: {implicit: 0, pageLoad: 300000, script: 30000}, unhandledPromptBehavior: dismiss and notify, webauthn:extension:credBlob: true, webauthn:extension:largeBlob: true, webauthn:virtualAuthenticators: true}
Session ID: 3259c0f9da565e5fbd8f1a240b635167
*** Element info: {Using=xpath, value=//span[contains(text(),'Sign')]/parent::a}&#13;
	at java.base/jdk.internal.reflect.NativeConstructorAccessorImpl.newInstance0(Native Method)&#13;
	at java.base/jdk.internal.reflect.NativeConstructorAccessorImpl.newInstance(NativeConstructorAccessorImpl.java:62)&#13;
	at java.base/jdk.internal.reflect.DelegatingConstructorAccessorImpl.newInstance(DelegatingConstructorAccessorImpl.java:45)&#13;
	at java.base/java.lang.reflect.Constructor.newInstanceWithCaller(Constructor.java:500)&#13;
	at java.base/java.lang.reflect.Constructor.newInstance(Constructor.java:481)&#13;
	at org.openqa.selenium.remote.http.W3CHttpResponseCodec.createException(W3CHttpResponseCodec.java:187)&#13;
	at org.openqa.selenium.remote.http.W3CHttpResponseCodec.decode(W3CHttpResponseCodec.java:122)&#13;
	at org.openqa.selenium.remote.http.W3CHttpResponseCodec.decode(W3CHttpResponseCodec.java:49)&#13;
	at org.openqa.selenium.remote.HttpCommandExecutor.execute(HttpCommandExecutor.java:158)&#13;
	at org.openqa.selenium.remote.service.DriverCommandExecutor.execute(DriverCommandExecutor.java:83)&#13;
	at org.openqa.selenium.remote.RemoteWebDriver.execute(RemoteWebDriver.java:545)&#13;
	at org.openqa.selenium.remote.RemoteWebDriver.findElement(RemoteWebDriver.java:319)&#13;
	at org.openqa.selenium.remote.RemoteWebDriver.findElementByXPath(RemoteWebDriver.java:421)&#13;
	at org.openqa.selenium.By$ByXPath.findElement(By.java:361)&#13;
	at org.openqa.selenium.remote.RemoteWebDriver.findElement(RemoteWebDriver.java:311)&#13;
	at org.openqa.selenium.support.pagefactory.DefaultElementLocator.findElement(DefaultElementLocator.java:69)&#13;
	at org.openqa.selenium.support.pagefactory.internal.LocatingElementHandler.invoke(LocatingElementHandler.java:38)&#13;
	at com.sun.proxy.$Proxy22.isDisplayed(Unknown Source)&#13;
	at com.cucumberFramework.stepdefinitions.loginLogoutPageStepDefinitions.i_am_already_logged_in(loginLogoutPageStepDefinitions.java:60)&#13;
	at ✽.Then I am logged in(src/test/resources/features/login/login_logout.feature:30)&#13;
</stack-trace>
            </failure>
            <steps>
                <step start="1628954244456" stop="1628954247801" status="passed">
                    <name>Given I am on the Login page URL "https://www.amazon.in/"</name>
                    <title>Given I am on the Login page URL "https://www.amazon.in/"</title>
                </step>
                <step start="1628954247802" stop="1628954249501" status="passed">
                    <name>Then I click on sign in button and wait for sign in page</name>
                    <title>Then I click on sign in button and wait for sign in page</title>
                </step>
                <step start="1628954249502" stop="1628954249539" status="passed">
                    <name>Then I should see Sign In Page</name>
                    <title>Then I should see Sign In Page</title>
                </step>
                <step start="1628954249539" stop="1628954249712" status="passed">
                    <name>When I enter username as "aniketfarkase51@gmail.com"</name>
                    <title>When I enter username as "aniketfarkase51@gmail.com"</title>
                </step>
                <step start="1628954249712" stop="1628954251282" status="passed">
                    <name>And I Click on Continue button</name>
                    <title>And I Click on Continue button</title>
                </step>
                <step start="1628954251282" stop="1628954251381" status="passed">
                    <name>And I enter password as "@nIket51!!"</name>
                    <title>And I enter password as "@nIket51!!"</title>
                </step>
                <step start="1628954251381" stop="1628954251511" status="passed">
                    <name>And click on login button</name>
                    <title>And click on login button</title>
                </step>
                <step start="1628954251511" stop="1628954251572" status="broken">
                    <name>Then I am logged in</name>
                    <title>Then I am logged in</title>
                </step>
                <step start="1628954251572" stop="1628954251572" status="canceled">
                    <name>And I search different "pendrive" from the search bar</name>
                    <title>And I search different "pendrive" from the search bar</title>
                </step>
            </steps>
            <attachments>
                <attachment title="attachment2" source="d312c4c7-4ff5-4bae-97eb-f47921bdfb2c-attachment.png" type="image/png"/>
            </attachments>
            <labels>
                <label name="story" value="Searching different products after login"/>
                <label name="feature" value="As a Amazon user I should be able to login and logout with valid credentials"/>
                <label name="host" value="Aniket-Rockmaniax"/>
                <label name="thread" value="4384@Aniket-Rockmaniax.main(1)"/>
                <label name="framework" value="CucumberJVM"/>
            </labels>
        </test-case>
        <test-case start="1628954256433" stop="1628954276957" status="passed">
            <name>Searching different products after login</name>
            <title>Searching different products after login</title>
            <description type="text"></description>
            <steps>
                <step start="1628954257995" stop="1628954261370" status="passed">
                    <name>Given I am on the Login page URL "https://www.amazon.in/"</name>
                    <title>Given I am on the Login page URL "https://www.amazon.in/"</title>
                    <attachments/>
                    <steps/>
                </step>
                <step start="1628954261371" stop="1628954262988" status="passed">
                    <name>Then I click on sign in button and wait for sign in page</name>
                    <title>Then I click on sign in button and wait for sign in page</title>
                    <attachments/>
                    <steps/>
                </step>
                <step start="1628954262988" stop="1628954263023" status="passed">
                    <name>Then I should see Sign In Page</name>
                    <title>Then I should see Sign In Page</title>
                    <attachments/>
                    <steps/>
                </step>
                <step start="1628954263023" stop="1628954263205" status="passed">
                    <name>When I enter username as "aniketfarkase51@gmail.com"</name>
                    <title>When I enter username as "aniketfarkase51@gmail.com"</title>
                    <attachments/>
                    <steps/>
                </step>
                <step start="1628954263205" stop="1628954264637" status="passed">
                    <name>And I Click on Continue button</name>
                    <title>And I Click on Continue button</title>
                    <attachments/>
                    <steps/>
                </step>
                <step start="1628954264637" stop="1628954264759" status="passed">
                    <name>And I enter password as "@nIket51!!"</name>
                    <title>And I enter password as "@nIket51!!"</title>
                    <attachments/>
                    <steps/>
                </step>
                <step start="1628954264759" stop="1628954264885" status="passed">
                    <name>And click on login button</name>
                    <title>And click on login button</title>
                    <attachments/>
                    <steps/>
                </step>
                <step start="1628954264886" stop="1628954268276" status="passed">
                    <name>Then I am logged in</name>
                    <title>Then I am logged in</title>
                    <attachments/>
                    <steps/>
                </step>
                <step start="1628954268276" stop="1628954275872" status="passed">
                    <name>And I search different "led tv" from the search bar</name>
                    <title>And I search different "led tv" from the search bar</title>
                    <attachments/>
                    <steps/>
                </step>
            </steps>
            <attachments>
                <attachment title="attachment3" source="de34cbce-4719-4e2f-83fb-783f37ef68ea-attachment.png" type="image/png"/>
            </attachments>
            <labels>
                <label name="story" value="Searching different products after login"/>
                <label name="feature" value="As a Amazon user I should be able to login and logout with valid credentials"/>
                <label name="host" value="Aniket-Rockmaniax"/>
                <label name="thread" value="4384@Aniket-Rockmaniax.main(1)"/>
                <label name="framework" value="CucumberJVM"/>
            </labels>
        </test-case>
    </test-cases>
    <labels>
        <label name="feature" value="As a Amazon user I should be able to login and logout with valid credentials"/>
        <label name="language" value="JAVA"/>
    </labels>
</ns2:test-suite>
