<?xml version="1.0" encoding="UTF-8"?>
<!-- Generated by org.testng.reporters.JUnitXMLReporter -->
<testsuite hostname="Aniket-Rockmaniax" failures="1" tests="1" name="Regression Test" time="99.506" errors="0" timestamp="18 Sep 2021 10:44:33 GMT">
  <testcase classname="com.cucumberFramework.testRunner.TestRunner" name="feature" time="97.652">
    <failure type="cucumber.runtime.CucumberException" message="org.openqa.selenium.json.JsonException: java.lang.reflect.InvocationTargetException
Build info: version: &amp;apos;4.0.0-rc-1&amp;apos;, revision: &amp;apos;bc5511cbda&amp;apos;
System info: host: &amp;apos;ANIKET-ROCKMANI&amp;apos;, ip: &amp;apos;192.168.0.104&amp;apos;, os.name: &amp;apos;Windows 10&amp;apos;, os.arch: &amp;apos;amd64&amp;apos;, os.version: &amp;apos;10.0&amp;apos;, java.version: &amp;apos;11.0.12&amp;apos;
Driver info: org.openqa.selenium.chrome.ChromeDriver
Command: [f9432990902d6360f3c0e69d9980c0ee, actions {actions=[org.openqa.selenium.interactions.Sequence@fab91f]}]
Capabilities {acceptInsecureCerts: false, browserName: chrome, browserVersion: 93.0.4577.82, chrome: {chromedriverVersion: 92.0.4515.107 (87a818b10553..., userDataDir: C:\Users\Aniket\AppData\Loc...}, goog:chromeOptions: {debuggerAddress: localhost:61105}, javascriptEnabled: true, networkConnectionEnabled: false, pageLoadStrategy: normal, platform: WINDOWS, platformName: WINDOWS, proxy: Proxy(), se:cdp: ws://localhost:61105/devtoo..., se:cdpVersion: 93.0.4577.82, setWindowRect: true, strictFileInteractability: false, timeouts: {implicit: 0, pageLoad: 300000, script: 30000}, unhandledPromptBehavior: dismiss and notify, webauthn:extension:credBlob: true, webauthn:extension:largeBlob: true, webauthn:virtualAuthenticators: true}
Session ID: f9432990902d6360f3c0e69d9980c0ee">
      <![CDATA[cucumber.runtime.CucumberException: org.openqa.selenium.json.JsonException: java.lang.reflect.InvocationTargetException
Build info: version: '4.0.0-rc-1', revision: 'bc5511cbda'
System info: host: 'ANIKET-ROCKMANI', ip: '192.168.0.104', os.name: 'Windows 10', os.arch: 'amd64', os.version: '10.0', java.version: '11.0.12'
Driver info: org.openqa.selenium.chrome.ChromeDriver
Command: [f9432990902d6360f3c0e69d9980c0ee, actions {actions=[org.openqa.selenium.interactions.Sequence@fab91f]}]
Capabilities {acceptInsecureCerts: false, browserName: chrome, browserVersion: 93.0.4577.82, chrome: {chromedriverVersion: 92.0.4515.107 (87a818b10553..., userDataDir: C:\Users\Aniket\AppData\Loc...}, goog:chromeOptions: {debuggerAddress: localhost:61105}, javascriptEnabled: true, networkConnectionEnabled: false, pageLoadStrategy: normal, platform: WINDOWS, platformName: WINDOWS, proxy: Proxy(), se:cdp: ws://localhost:61105/devtoo..., se:cdpVersion: 93.0.4577.82, setWindowRect: true, strictFileInteractability: false, timeouts: {implicit: 0, pageLoad: 300000, script: 30000}, unhandledPromptBehavior: dismiss and notify, webauthn:extension:credBlob: true, webauthn:extension:largeBlob: true, webauthn:virtualAuthenticators: true}
Session ID: f9432990902d6360f3c0e69d9980c0ee
	at cucumber.api.testng.TestNGCucumberRunner.runCucumber(TestNGCucumberRunner.java:69)
	at com.cucumberFramework.testRunner.TestRunner.feature(TestRunner.java:33)
Build info: version: '4.0.0-rc-1', revision: 'bc5511cbda'
System info: host: 'ANIKET-ROCKMANI', ip: '192.168.0.104', os.name: 'Windows 10', os.arch: 'amd64', os.version: '10.0', java.version: '11.0.12'
Driver info: org.openqa.selenium.chrome.ChromeDriver
Command: [f9432990902d6360f3c0e69d9980c0ee, actions {actions=[org.openqa.selenium.interactions.Sequence@fab91f]}]
Capabilities {acceptInsecureCerts: false, browserName: chrome, browserVersion: 93.0.4577.82, chrome: {chromedriverVersion: 92.0.4515.107 (87a818b10553..., userDataDir: C:\Users\Aniket\AppData\Loc...}, goog:chromeOptions: {debuggerAddress: localhost:61105}, javascriptEnabled: true, networkConnectionEnabled: false, pageLoadStrategy: normal, platform: WINDOWS, platformName: WINDOWS, proxy: Proxy(), se:cdp: ws://localhost:61105/devtoo..., se:cdpVersion: 93.0.4577.82, setWindowRect: true, strictFileInteractability: false, timeouts: {implicit: 0, pageLoad: 300000, script: 30000}, unhandledPromptBehavior: dismiss and notify, webauthn:extension:credBlob: true, webauthn:extension:largeBlob: true, webauthn:virtualAuthenticators: true}
Session ID: f9432990902d6360f3c0e69d9980c0ee
	at org.openqa.selenium.json.JsonOutput.convertUsingMethod(JsonOutput.java:362)
	at org.openqa.selenium.json.JsonOutput.lambda$new$16(JsonOutput.java:154)
	at org.openqa.selenium.json.JsonOutput.write(JsonOutput.java:287)
	at org.openqa.selenium.json.JsonOutput.lambda$new$22(JsonOutput.java:169)
	at java.base/java.util.stream.ForEachOps$ForEachOp$OfRef.accept(ForEachOps.java:183)
	at java.base/java.util.stream.ReferencePipeline$2$1.accept(ReferencePipeline.java:177)
	at java.base/java.util.Iterator.forEachRemaining(Iterator.java:133)
	at java.base/java.util.Spliterators$IteratorSpliterator.forEachRemaining(Spliterators.java:1801)
	at java.base/java.util.stream.AbstractPipeline.copyInto(AbstractPipeline.java:484)
	at java.base/java.util.stream.AbstractPipeline.wrapAndCopyInto(AbstractPipeline.java:474)
	at java.base/java.util.stream.ForEachOps$ForEachOp.evaluateSequential(ForEachOps.java:150)
	at java.base/java.util.stream.ForEachOps$ForEachOp$OfRef.evaluateSequential(ForEachOps.java:173)
	at java.base/java.util.stream.AbstractPipeline.evaluate(AbstractPipeline.java:234)
	at java.base/java.util.stream.ReferencePipeline.forEach(ReferencePipeline.java:497)
	at org.openqa.selenium.json.JsonOutput.lambda$new$23(JsonOutput.java:169)
	at org.openqa.selenium.json.JsonOutput.write(JsonOutput.java:287)
	at org.openqa.selenium.json.JsonOutput.lambda$new$24(JsonOutput.java:182)
	at com.google.common.collect.SingletonImmutableBiMap.forEach(SingletonImmutableBiMap.java:66)
	at org.openqa.selenium.json.JsonOutput.lambda$new$25(JsonOutput.java:177)
	at org.openqa.selenium.json.JsonOutput.write(JsonOutput.java:287)
	at org.openqa.selenium.json.JsonOutput.write(JsonOutput.java:278)
	at org.openqa.selenium.json.Json.toJson(Json.java:42)
	at org.openqa.selenium.remote.codec.AbstractHttpCommandCodec.encode(AbstractHttpCommandCodec.java:253)
	at org.openqa.selenium.remote.codec.AbstractHttpCommandCodec.encode(AbstractHttpCommandCodec.java:127)
	at org.openqa.selenium.remote.HttpCommandExecutor.execute(HttpCommandExecutor.java:172)
	at org.openqa.selenium.remote.service.DriverCommandExecutor.invokeExecute(DriverCommandExecutor.java:164)
	at org.openqa.selenium.remote.service.DriverCommandExecutor.execute(DriverCommandExecutor.java:139)
	at org.openqa.selenium.remote.RemoteWebDriver.execute(RemoteWebDriver.java:547)
	at org.openqa.selenium.remote.RemoteWebDriver.perform(RemoteWebDriver.java:615)
	at org.openqa.selenium.interactions.Actions$BuiltAction.perform(Actions.java:617)
	at com.cucumberFramework.pageObjects.LoginLogoutPage.clickHeadphonesLnk(LoginLogoutPage.java:143)
	at com.cucumberFramework.stepdefinitions.loginLogoutPageStepDefinitions.i_choose_Electronincs_Headphones_and_headphones_list_out(loginLogoutPageStepDefinitions.java:76)
	at ✽.Then I choose Electronincs>Headphones and headphones list out(src/test/resources/features/login/login_logout.feature:13)
	Suppressed: org.openqa.selenium.json.JsonException: Attempting to close incomplete json stream
Build info: version: '4.0.0-rc-1', revision: 'bc5511cbda'
System info: host: 'ANIKET-ROCKMANI', ip: '192.168.0.104', os.name: 'Windows 10', os.arch: 'amd64', os.version: '10.0', java.version: '11.0.12'
Driver info: driver.version: RemoteWebDriver
		at org.openqa.selenium.json.JsonOutput.close(JsonOutput.java:303)
		at org.openqa.selenium.json.Json.toJson(Json.java:40)
		at org.openqa.selenium.remote.codec.AbstractHttpCommandCodec.encode(AbstractHttpCommandCodec.java:253)
		at org.openqa.selenium.remote.codec.AbstractHttpCommandCodec.encode(AbstractHttpCommandCodec.java:127)
		at org.openqa.selenium.remote.HttpCommandExecutor.execute(HttpCommandExecutor.java:172)
		at org.openqa.selenium.remote.service.DriverCommandExecutor.invokeExecute(DriverCommandExecutor.java:164)
		at org.openqa.selenium.remote.service.DriverCommandExecutor.execute(DriverCommandExecutor.java:139)
		at org.openqa.selenium.remote.RemoteWebDriver.execute(RemoteWebDriver.java:547)
		at org.openqa.selenium.remote.RemoteWebDriver.perform(RemoteWebDriver.java:615)
		at org.openqa.selenium.interactions.Actions$BuiltAction.perform(Actions.java:617)
		at com.cucumberFramework.pageObjects.LoginLogoutPage.clickHeadphonesLnk(LoginLogoutPage.java:143)
		at com.cucumberFramework.stepdefinitions.loginLogoutPageStepDefinitions.i_choose_Electronincs_Headphones_and_headphones_list_out(loginLogoutPageStepDefinitions.java:76)
		at cucumber.runtime.Utils$1.call(Utils.java:40)
		at cucumber.runtime.Timeout.timeout(Timeout.java:16)
		at cucumber.runtime.Utils.invoke(Utils.java:34)
		at cucumber.runtime.java.JavaStepDefinition.execute(JavaStepDefinition.java:38)
		at cucumber.runtime.StepDefinitionMatch.runStep(StepDefinitionMatch.java:37)
		at cucumber.runtime.Runtime.runStep(Runtime.java:300)
		at cucumber.runtime.model.StepContainer.runStep(StepContainer.java:44)
		at cucumber.runtime.model.StepContainer.runSteps(StepContainer.java:39)
		at cucumber.runtime.model.CucumberScenario.run(CucumberScenario.java:44)
		at cucumber.runtime.model.CucumberFeature.run(CucumberFeature.java:165)
		at cucumber.api.testng.TestNGCucumberRunner.runCucumber(TestNGCucumberRunner.java:63)
		at com.cucumberFramework.testRunner.TestRunner.feature(TestRunner.java:33)
	at org.openqa.selenium.json.JsonOutput.convertUsingMethod(JsonOutput.java:358)
	at org.openqa.selenium.json.JsonOutput.lambda$new$16(JsonOutput.java:154)
	at org.openqa.selenium.json.JsonOutput.write(JsonOutput.java:287)
	at org.openqa.selenium.json.JsonOutput.lambda$new$22(JsonOutput.java:169)
	at java.base/java.util.stream.ForEachOps$ForEachOp$OfRef.accept(ForEachOps.java:183)
	at java.base/java.util.stream.ReferencePipeline$2$1.accept(ReferencePipeline.java:177)
	at java.base/java.util.Iterator.forEachRemaining(Iterator.java:133)
	at java.base/java.util.Spliterators$IteratorSpliterator.forEachRemaining(Spliterators.java:1801)
	at java.base/java.util.stream.AbstractPipeline.copyInto(AbstractPipeline.java:484)
	at java.base/java.util.stream.AbstractPipeline.wrapAndCopyInto(AbstractPipeline.java:474)
	at java.base/java.util.stream.ForEachOps$ForEachOp.evaluateSequential(ForEachOps.java:150)
	at java.base/java.util.stream.ForEachOps$ForEachOp$OfRef.evaluateSequential(ForEachOps.java:173)
	at java.base/java.util.stream.AbstractPipeline.evaluate(AbstractPipeline.java:234)
	at java.base/java.util.stream.ReferencePipeline.forEach(ReferencePipeline.java:497)
	at org.openqa.selenium.json.JsonOutput.lambda$new$23(JsonOutput.java:169)
	at org.openqa.selenium.json.JsonOutput.write(JsonOutput.java:287)
	at org.openqa.selenium.json.JsonOutput.lambda$new$24(JsonOutput.java:182)
	at com.google.common.collect.SingletonImmutableBiMap.forEach(SingletonImmutableBiMap.java:66)
	at org.openqa.selenium.json.JsonOutput.lambda$new$25(JsonOutput.java:177)
	at org.openqa.selenium.json.JsonOutput.write(JsonOutput.java:287)
	at org.openqa.selenium.json.JsonOutput.write(JsonOutput.java:278)
	at org.openqa.selenium.json.Json.toJson(Json.java:42)
	at org.openqa.selenium.remote.codec.AbstractHttpCommandCodec.encode(AbstractHttpCommandCodec.java:253)
	at org.openqa.selenium.remote.codec.AbstractHttpCommandCodec.encode(AbstractHttpCommandCodec.java:127)
	at org.openqa.selenium.remote.HttpCommandExecutor.execute(HttpCommandExecutor.java:172)
	at org.openqa.selenium.remote.service.DriverCommandExecutor.invokeExecute(DriverCommandExecutor.java:164)
	at org.openqa.selenium.remote.service.DriverCommandExecutor.execute(DriverCommandExecutor.java:139)
	at org.openqa.selenium.remote.RemoteWebDriver.execute(RemoteWebDriver.java:547)
	at org.openqa.selenium.remote.RemoteWebDriver.perform(RemoteWebDriver.java:615)
	at org.openqa.selenium.interactions.Actions$BuiltAction.perform(Actions.java:617)
	at com.cucumberFramework.pageObjects.LoginLogoutPage.clickHeadphonesLnk(LoginLogoutPage.java:143)
	at com.cucumberFramework.stepdefinitions.loginLogoutPageStepDefinitions.i_choose_Electronincs_Headphones_and_headphones_list_out(loginLogoutPageStepDefinitions.java:76)
	at cucumber.runtime.Utils$1.call(Utils.java:40)
	at cucumber.runtime.Timeout.timeout(Timeout.java:16)
	at cucumber.runtime.Utils.invoke(Utils.java:34)
	at cucumber.runtime.java.JavaStepDefinition.execute(JavaStepDefinition.java:38)
	at cucumber.runtime.StepDefinitionMatch.runStep(StepDefinitionMatch.java:37)
	at cucumber.runtime.Runtime.runStep(Runtime.java:300)
	at cucumber.runtime.model.StepContainer.runStep(StepContainer.java:44)
	at cucumber.runtime.model.StepContainer.runSteps(StepContainer.java:39)
	at cucumber.runtime.model.CucumberScenario.run(CucumberScenario.java:44)
	at cucumber.runtime.model.CucumberFeature.run(CucumberFeature.java:165)
	at cucumber.api.testng.TestNGCucumberRunner.runCucumber(TestNGCucumberRunner.java:63)
	at com.cucumberFramework.testRunner.TestRunner.feature(TestRunner.java:33)
Caused by: org.openqa.selenium.NoSuchElementException: no such element: Unable to locate element: {"method":"xpath","selector":"//div[@id='nav-shop']/a"}
  (Session info: chrome=93.0.4577.82)
For documentation on this error, please visit: https://selenium.dev/exceptions/#no_such_element
Build info: version: '4.0.0-rc-1', revision: 'bc5511cbda'
System info: host: 'ANIKET-ROCKMANI', ip: '192.168.0.104', os.name: 'Windows 10', os.arch: 'amd64', os.version: '10.0', java.version: '11.0.12'
Driver info: org.openqa.selenium.chrome.ChromeDriver
Command: [f9432990902d6360f3c0e69d9980c0ee, findElement {using=xpath, value=//div[@id='nav-shop']/a}]
Capabilities {acceptInsecureCerts: false, browserName: chrome, browserVersion: 93.0.4577.82, chrome: {chromedriverVersion: 92.0.4515.107 (87a818b10553..., userDataDir: C:\Users\Aniket\AppData\Loc...}, goog:chromeOptions: {debuggerAddress: localhost:61105}, javascriptEnabled: true, networkConnectionEnabled: false, pageLoadStrategy: normal, platform: WINDOWS, platformName: WINDOWS, proxy: Proxy(), se:cdp: ws://localhost:61105/devtoo..., se:cdpVersion: 93.0.4577.82, setWindowRect: true, strictFileInteractability: false, timeouts: {implicit: 0, pageLoad: 300000, script: 30000}, unhandledPromptBehavior: dismiss and notify, webauthn:extension:credBlob: true, webauthn:extension:largeBlob: true, webauthn:virtualAuthenticators: true}
Session ID: f9432990902d6360f3c0e69d9980c0ee
	at org.openqa.selenium.remote.codec.w3c.W3CHttpResponseCodec.createException(W3CHttpResponseCodec.java:200)
	at org.openqa.selenium.remote.codec.w3c.W3CHttpResponseCodec.decode(W3CHttpResponseCodec.java:133)
	at org.openqa.selenium.remote.codec.w3c.W3CHttpResponseCodec.decode(W3CHttpResponseCodec.java:53)
	at org.openqa.selenium.remote.HttpCommandExecutor.execute(HttpCommandExecutor.java:184)
	at org.openqa.selenium.remote.service.DriverCommandExecutor.invokeExecute(DriverCommandExecutor.java:164)
	at org.openqa.selenium.remote.service.DriverCommandExecutor.execute(DriverCommandExecutor.java:139)
	at org.openqa.selenium.remote.RemoteWebDriver.execute(RemoteWebDriver.java:547)
	at org.openqa.selenium.remote.ElementLocation$ElementFinder$2.findElement(ElementLocation.java:162)
	at org.openqa.selenium.remote.ElementLocation.findElement(ElementLocation.java:60)
	at org.openqa.selenium.remote.RemoteWebDriver.findElement(RemoteWebDriver.java:381)
	at org.openqa.selenium.remote.RemoteWebDriver.findElement(RemoteWebDriver.java:373)
	at org.openqa.selenium.support.pagefactory.DefaultElementLocator.findElement(DefaultElementLocator.java:70)
	at org.openqa.selenium.support.pagefactory.internal.LocatingElementHandler.invoke(LocatingElementHandler.java:39)
	at com.sun.proxy.$Proxy29.getWrappedElement(Unknown Source)
	at org.openqa.selenium.interactions.PointerInput$Origin.asArg(PointerInput.java:201)
	at org.openqa.selenium.interactions.PointerInput$Move.encode(PointerInput.java:152)
	at org.openqa.selenium.interactions.Sequence.encode(Sequence.java:73)
	at org.openqa.selenium.interactions.Sequence.toJson(Sequence.java:82)
	... 80 more
... Removed 102 stack frames]]>
    </failure>
  </testcase> <!-- feature -->
</testsuite> <!-- Regression Test -->
